C51 COMPILER V9.00   01                                                                    03/23/2016 08:03:42 PAGE 1   


C51 COMPILER V9.00, COMPILATION OF MODULE 01
OBJECT MODULE PLACED IN 01.OBJ
COMPILER INVOKED BY: C:\Keil\C51\BIN\C51.EXE 01.c BROWSE DEBUG OBJECTEXTEND TABS(2)

line level    source

   1          #include "AT89X52.H"
   2          //********************** functions ***************************
   3          //********************** Parameter ***************************
   4          sfr  Data=0x80;//P0資料BUS輸出
   5          sbit SSLED0=0x90; //P10七段顯示器個位數選擇輸出
   6          sbit SSLED1=0x91; //P11七段顯示器十位數選擇輸出
   7          sbit SSLED2=0x92; //P12七段顯示器百位數選擇輸出
   8          sbit SSLED3=0x93; //P13七段顯示器千位數選擇輸出
   9           unsigned char code Table[] //0~F數碼資料
  10            ={0x3f,0x06,0x5b,0x4f,0x66,0x6d,0x7d,0x07,
  11              0x7f,0x6f,0x77,0x7c,0x39,0x5e,0x79,0x71};
  12           main() 
  13          {
  14   1        unsigned char scan;      //掃描次數  
  15   1        unsigned int count[2]={2337,2310}; //計數十進制初值 
  16   1        unsigned char i;    //擷取計數的個、十、百、千位數 
  17   1        int k=0,deTime=0;
  18   1         while(1)     //重覆執行
  19   1          {
  20   2            if(deTime!=0){
  21   3              deTime--; 
  22   3            }
  23   2            if((P3_2!=1)&&(deTime==0)){ 
  24   3             k++;
  25   3             if(k>=2){k=0;} 
  26   3             deTime=200;
  27   3            }   
  28   2             SSLED0=SSLED1=SSLED2=SSLED3=1; //遮沒
  29   2             i=count[k] % 10;   //取出個位數
  30   2             Data=~Table[i]; //讀取個位數碼資料輸出
  31   2             SSLED0=0;        //選擇個位數顯示器
  32   2             Delay_ms(1);    //掃描延時  
  33   2             SSLED0=SSLED1=SSLED2=SSLED3=1; //遮沒           
  34   2             i=(count[k] % 100)/10; //取出十位數 
  35   2             Data=~Table[i];//讀取十位數碼資料輸出
  36   2             SSLED1=0;       //選擇十位數顯示器
  37   2             Delay_ms(1);   //掃描延時                 
  38   2             SSLED0=SSLED1=SSLED2=SSLED3=1; //遮沒
  39   2             i=(count[k] % 1000)/100; //取出百位數
  40   2             Data=~Table[i]; //讀取百位數碼資料輸出
  41   2             SSLED2=0;       //選擇百位數顯示器
  42   2             Delay_ms(1);    //掃描延時
  43   2             SSLED0=SSLED1=SSLED2=SSLED3=1; //遮沒
  44   2             i=count[k]/1000;  //取出千位數
  45   2             Data=~Table[i]; //讀取千位數碼資料輸出
  46   2             SSLED3=0;        //選擇千位數顯示器
  47   2             Delay_ms(1);    //掃描延時
  48   2         } 
  49   1      }
*** WARNING C280 IN LINE 14 OF 01.C: 'scan': unreferenced local variable


MODULE INFORMATION:   STATIC OVERLAYABLE
   CODE SIZE        =    295    ----
   CONSTANT SIZE    =     20    ----
C51 COMPILER V9.00   01                                                                    03/23/2016 08:03:42 PAGE 2   

   XDATA SIZE       =   ----    ----
   PDATA SIZE       =   ----    ----
   DATA SIZE        =   ----       9
   IDATA SIZE       =   ----    ----
   BIT SIZE         =   ----    ----
END OF MODULE INFORMATION.


C51 COMPILATION COMPLETE.  1 WARNING(S),  0 ERROR(S)
