C51 COMPILER V9.00   01                                                                    05/18/2016 10:50:49 PAGE 1   


C51 COMPILER V9.00, COMPILATION OF MODULE 01
OBJECT MODULE PLACED IN 01.OBJ
COMPILER INVOKED BY: C:\Keil\C51\BIN\C51.EXE 01.c BROWSE DEBUG OBJECTEXTEND TABS(2)

line level    source

   1          /*******KEY4.C**********************
   2          *動作：在LCD顯示"KEY="，按鍵由LCD顯示4位數
   3          *接腳：列ROW0=P10,ROW1=P11,ROW2=P12,ROW3=P13,ROW4=P14 
   4          *      行COL0=P20,COL1=P21,COL2=P22,COL3=P23 
   5          *      P0=LCD的Data，P16=RS，RW=GND，P17=EN
   6          *****************************************/
   7          #include "AT89X52.H"   //暫存器及組態定義
   8          #define T  10000 //延時10000uS
   9          //#define T  10000*110592/120000 //頻率由12MHz改為11.0592MHz
  10          sfr  Data=0x80;//P0資料BUS輸出
  11          sbit RS=0x96;  //P16 LCD指令/資料控制,RS=0指令，RS=1資料
  12                         //LCD讀取/寫入控制,R/W=GND寫入
  13          sbit EN=0x97;  //P17 LCD致能輸出,EN=0禁能LCD，EN=1致能LCD
  14          void dataout(void); //按鍵資料輸出
  15          int sec=0,min=10,hor=12;
  16          int TIMEONOFF=1,deTime=0,secd=0;
  17          main()
  18          {
  19   1        LCD_init();       // 重置及清除LCD
  20   1        LCD_Cmd(0x80);    //游標由第一行開始顯示  
  21   1        TMOD=0x10;  /*0001 0000,設定Timer1為mode1內部計時
  22   1                     bit7:GATE=0,不使用INT1腳控制
  23   1                     bit6:C/T=0,內部計時
  24   1                     bit5-4:MODE=01，mode1 */
  25   1        TL1= (65536-T) % 256; //將低8-bit計數值存入TL1 
  26   1        TH1= (65536-T) / 256; //將高8-bit計數值存入TH1
  27   1        TR1=1;        //啟動Timer1   //10000uS
  28   1        dataout();//LCD 顯示  
  29   1         while(1)    //不斷循環執行 
  30   1         {
  31   2          if(deTime!=0){deTime--;}
  32   2          if((P3_2!=1)&&(deTime==0)){
  33   3             if(TIMEONOFF==0){
  34   4               TIMEONOFF=1;
  35   4             }
  36   3             else{
  37   4               TIMEONOFF=0;
  38   4             }       
  39   3             deTime=9000;
  40   3          }
  41   2          if((P3_3!=1)&&(deTime==0)){
  42   3              TIMEONOFF=0;
  43   3              sec=0;min=0;hor=0; 
  44   3              deTime=9000;
  45   3              dataout();
  46   3          }   
  47   2           if(TIMEONOFF==1){ 
  48   3             if(TF1==1){  //等待溢位，若TF1=0自我循環
  49   4                TF1=0;      //若計時溢位TF1=1，清除TF1=0
  50   4                secd++;
  51   4             }
  52   3             if(secd==20){
  53   4                sec++;
  54   4                if(sec>59){sec=0;min++;}
  55   4                if(min>59){min=0;hor++;}
C51 COMPILER V9.00   01                                                                    05/18/2016 10:50:49 PAGE 2   

  56   4                if(hor>23){hor=0;}
  57   4                dataout();
  58   4                secd=0;
  59   4             }          
  60   3            }
  61   2         }
  62   1      }      
  63          /***********************************************************
  64          *函數名稱: dataout
  65          *功能描述: 按鍵輸出資料送到LCD顯示數字，檢查是否放開按鍵
  66          *輸入參數：keyout
  67          ************************************************************/      
  68          void dataout(void) 
  69          {    
  70   1          LCD_Cmd(0x80);        //由第一行開始顯示 
  71   1          LCD_Data(hor/10+'0'); //時的十位數到LCD顯示
  72   1          LCD_Data(hor%10+'0'); //時的個位數到LCD顯示
  73   1          LCD_Data(':');
  74   1          
  75   1          LCD_Data(min/10+'0'); //分的十位數到LCD顯示
  76   1          LCD_Data(min%10+'0'); //分的個位數到LCD顯示
  77   1          LCD_Data(':');
  78   1          
  79   1          LCD_Data(sec/10+'0'); //秒的十位數到LCD顯示
  80   1          LCD_Data(sec%10+'0'); //秒的個位數到LCD顯示
  81   1      }
  82          /***********************************************************
  83          *函數名稱: LCD_Data
  84          *功能描述: 傳送資料到文字型LCD
  85          *輸入參數：dat
  86          ************************************************************/
  87          void LCD_Data(char dat)  //傳送資料到LCD
  88          {
  89   1          Data=dat; //資料送到BUS
  90   1          RS=1;  EN=1;//資料寫入到LCD內
  91   1          Delay_ms(1);   //LCD等待寫入完成
  92   1          EN=0;          //禁能LCD    
  93   1      }
  94          /***************************************************************
  95          *函數名稱: LCD_Cmd
  96          *功能描述: 傳送命令到文字型LCD
  97          *輸入參數：Cmd
  98          ************************************************************/
  99          void LCD_Cmd(unsigned char Cmd) //傳送命令到LCD
 100          {
 101   1          Data=Cmd;  //命令送到BUS
 102   1          RS=0;   EN=1; //命令寫入到LCD內
 103   1          Delay_ms(1);    //LCD等待寫入完成     
 104   1          EN=0;           //禁能LCD
 105   1      }
 106          /***************************************************************
 107          *函數名稱: LCD_init
 108          *功能描述: 啟始化文字型LCD
 109          *****************************************************************/
 110          void LCD_init(void)    //LCD的啟始程式  
 111          {
 112   1          LCD_Cmd(0x38);/*0011 1000,8bit傳輸,顯示2行,5*7字型
 113   1                          bit4:DL=1,8bit傳輸,
 114   1                          bit3:N=1,顯示2行
 115   1                          bit2:F=0,5*7字型*/    
 116   1          LCD_Cmd(0x0c);/*0000 1100,顯示幕ON,不顯示游標,游標不閃爍
 117   1                          bit2:D=1,顯示幕ON
C51 COMPILER V9.00   01                                                                    05/18/2016 10:50:49 PAGE 3   

 118   1                          bit1:C=0,不顯示游標
 119   1                          bit0:B=0,游標不閃爍*/
 120   1          LCD_Cmd(0x06);/*0000 0110,//顯示完游標右移,游標移位禁能 
 121   1                          bit1:I/D=1,顯示完游標右移,
 122   1                          bit0:S=0,游標移位禁能*/  
 123   1          LCD_Cmd(0x01); //清除顯示幕  
 124   1          LCD_Cmd(0x02); //游標回原位  
 125   1      }


MODULE INFORMATION:   STATIC OVERLAYABLE
   CODE SIZE        =    393    ----
   CONSTANT SIZE    =   ----    ----
   XDATA SIZE       =   ----    ----
   PDATA SIZE       =   ----    ----
   DATA SIZE        =     12    ----
   IDATA SIZE       =   ----    ----
   BIT SIZE         =   ----    ----
END OF MODULE INFORMATION.


C51 COMPILATION COMPLETE.  0 WARNING(S),  0 ERROR(S)
