C51 COMPILER V9.00   01                                                                    03/30/2016 11:21:05 PAGE 1   


C51 COMPILER V9.00, COMPILATION OF MODULE 01
OBJECT MODULE PLACED IN 01.OBJ
COMPILER INVOKED BY: C:\Keil\C51\BIN\C51.EXE 01.c BROWSE DEBUG OBJECTEXTEND TABS(2)

line level    source

   1          #include "AT89X52.H"
   2          //********************** functions ***************************
   3          //********************** Parameter ***************************
   4          sfr  Data=0x80;//P0資料
   5          sfr  LEDScan=0x90;//P1資料
   6          sfr  CScan=0xA0;//P2資料
   7          char code Column_Scan[4]= {0xFE,0xFD,0xFB,0xF7};
   8          char code Seg_Row_Data[16]= { 0xC0,0xF9,0xA4,0xB0,0x99,0x92,0x82,0xF8,0x80,0x98,0x88,0x83,0xC6,0xA1,0x86,0
             -x8E};
   9          int i=0,TEMP=0,Key_Scan,LED_TEMP[4]={0,0,0,0,};
  10          main() 
  11          {
  12   1        int k=0,deTime=0;
  13   1         while(1){
  14   2          LEDScan=0xFF;       
  15   2          Data=Seg_Row_Data[LED_TEMP[i]];
  16   2          LEDScan=Column_Scan[i];
  17   2          Key_Scan=CScan&0x0F;
  18   2          if(deTime!=0)deTime--; 
  19   2          if((Key_Scan!=0x0F)&&(deTime==0)){    
  20   3            deTime=5000;
  21   3            LED_TEMP[3]=LED_TEMP[2];
  22   3            LED_TEMP[2]=LED_TEMP[1];
  23   3            LED_TEMP[1]=LED_TEMP[0];
  24   3            if (Key_Scan==0x07) {
  25   4                LED_TEMP[0]=i*4;
  26   4            }
  27   3              else if(Key_Scan==0x0B){
  28   4                LED_TEMP[0]=i*4+1;
  29   4            } 
  30   3              else if(Key_Scan==0x0D){
  31   4                LED_TEMP[0]=i*4+2;
  32   4            } 
  33   3              else if(Key_Scan==0x0E){
  34   4                LED_TEMP[0]=i*4+3;
  35   4            }
  36   3          }  
  37   2          i++;if(i==4)i=0; 
  38   2         } 
  39   1      }


MODULE INFORMATION:   STATIC OVERLAYABLE
   CODE SIZE        =    260    ----
   CONSTANT SIZE    =     20    ----
   XDATA SIZE       =   ----    ----
   PDATA SIZE       =   ----    ----
   DATA SIZE        =     14       2
   IDATA SIZE       =   ----    ----
   BIT SIZE         =   ----    ----
END OF MODULE INFORMATION.


C51 COMPILATION COMPLETE.  0 WARNING(S),  0 ERROR(S)
