C51 COMPILER V9.00   01                                                                    03/09/2016 11:17:12 PAGE 1   


C51 COMPILER V9.00, COMPILATION OF MODULE 01
OBJECT MODULE PLACED IN 01.OBJ
COMPILER INVOKED BY: C:\Keil\C51\BIN\C51.EXE 01.c BROWSE DEBUG OBJECTEXTEND TABS(2)

line level    source

   1          #include "AT89X52.H"
   2          void delay_1ms(int count);
   3          main()
   4          {
   5   1       while(1){
   6   2         P0=0x81;
   7   2         delay_1ms(8000);
   8   2         P0=0x82;
   9   2         delay_1ms(2000);
  10   2         P0=0x24;
  11   2         delay_1ms(8000);
  12   2         P0=0x44;
  13   2         delay_1ms(2000);
  14   2       }
  15   1      }
  16          
  17          void delay_1ms(int count)
  18          { int i,j;
  19   1         for(i=0;i<count;i++) for(j=0;j<40;j++);
  20   1      }


MODULE INFORMATION:   STATIC OVERLAYABLE
   CODE SIZE        =    102    ----
   CONSTANT SIZE    =   ----    ----
   XDATA SIZE       =   ----    ----
   PDATA SIZE       =   ----    ----
   DATA SIZE        =   ----    ----
   IDATA SIZE       =   ----    ----
   BIT SIZE         =   ----    ----
END OF MODULE INFORMATION.


C51 COMPILATION COMPLETE.  0 WARNING(S),  0 ERROR(S)
